|--- Sex_female <= 0.50
|   |--- Fare <= 26.27
|   |   |--- AgeGroup_Child <= 0.50
|   |   |   |--- Fare <= 7.91
|   |   |   |   |--- Fare <= 7.86
|   |   |   |   |   |--- Fare <= 7.76
|   |   |   |   |   |   |--- Pclass <= 2.50
|   |   |   |   |   |   |   |--- class: 0
|   |   |   |   |   |   |--- Pclass >  2.50
|   |   |   |   |   |   |   |--- Fare <= 7.24
|   |   |   |   |   |   |   |   |--- Fare <= 7.13
|   |   |   |   |   |   |   |   |   |--- Fare <= 2.01
|   |   |   |   |   |   |   |   |   |   |--- AgeGroup_Adult <= 0.50
|   |   |   |   |   |   |   |   |   |   |   |--- class: 0
|   |   |   |   |   |   |   |   |   |   |--- AgeGroup_Adult >  0.50
|   |   |   |   |   |   |   |   |   |   |   |--- class: 0
|   |   |   |   |   |   |   |   |   |--- Fare >  2.01
|   |   |   |   |   |   |   |   |   |   |--- Fare <= 7.01
|   |   |   |   |   |   |   |   |   |   |   |--- truncated branch of depth 3
|   |   |   |   |   |   |   |   |   |   |--- Fare >  7.01
|   |   |   |   |   |   |   |   |   |   |   |--- class: 0
|   |   |   |   |   |   |   |   |--- Fare >  7.13
|   |   |   |   |   |   |   |   |   |--- Fare <= 7.18
|   |   |   |   |   |   |   |   |   |   |--- class: 1
|   |   |   |   |   |   |   |   |   |--- Fare >  7.18
|   |   |   |   |   |   |   |   |   |   |--- Fare <= 7.23
|   |   |   |   |   |   |   |   |   |   |   |--- truncated branch of depth 2
|   |   |   |   |   |   |   |   |   |   |--- Fare >  7.23
|   |   |   |   |   |   |   |   |   |   |   |--- class: 0
|   |   |   |   |   |   |   |--- Fare >  7.24
|   |   |   |   |   |   |   |   |--- Fare <= 7.75
|   |   |   |   |   |   |   |   |   |--- class: 0
|   |   |   |   |   |   |   |   |--- Fare >  7.75
|   |   |   |   |   |   |   |   |   |--- AgeGroup_Adult <= 0.50
|   |   |   |   |   |   |   |   |   |   |--- class: 0
|   |   |   |   |   |   |   |   |   |--- AgeGroup_Adult >  0.50
|   |   |   |   |   |   |   |   |   |   |--- class: 0
|   |   |   |   |   |--- Fare >  7.76
|   |   |   |   |   |   |--- Fare <= 7.80
|   |   |   |   |   |   |   |--- Fare <= 7.79
|   |   |   |   |   |   |   |   |--- AgeGroup_Adult <= 0.50
|   |   |   |   |   |   |   |   |   |--- class: 0
|   |   |   |   |   |   |   |   |--- AgeGroup_Adult >  0.50
|   |   |   |   |   |   |   |   |   |--- class: 0
|   |   |   |   |   |   |   |--- Fare >  7.79
|   |   |   |   |   |   |   |   |--- class: 0
|   |   |   |   |   |   |--- Fare >  7.80
|   |   |   |   |   |   |   |--- Fare <= 7.84
|   |   |   |   |   |   |   |   |--- class: 0
|   |   |   |   |   |   |   |--- Fare >  7.84
|   |   |   |   |   |   |   |   |--- AgeGroup_SeniorAdult <= 0.50
|   |   |   |   |   |   |   |   |   |--- class: 0
|   |   |   |   |   |   |   |   |--- AgeGroup_SeniorAdult >  0.50
|   |   |   |   |   |   |   |   |   |--- class: 0
|   |   |   |   |--- Fare >  7.86
|   |   |   |   |   |--- Fare <= 7.89
|   |   |   |   |   |   |--- class: 0
|   |   |   |   |   |--- Fare >  7.89
|   |   |   |   |   |   |--- class: 0
|   |   |   |--- Fare >  7.91
|   |   |   |   |--- Fare <= 7.99
|   |   |   |   |   |--- class: 0
|   |   |   |   |--- Fare >  7.99
|   |   |   |   |   |--- Fare <= 23.35
|   |   |   |   |   |   |--- Fare <= 22.89
|   |   |   |   |   |   |   |--- Fare <= 19.38
|   |   |   |   |   |   |   |   |--- Fare <= 18.39
|   |   |   |   |   |   |   |   |   |--- Fare <= 15.80
|   |   |   |   |   |   |   |   |   |   |--- Fare <= 15.65
|   |   |   |   |   |   |   |   |   |   |   |--- truncated branch of depth 11
|   |   |   |   |   |   |   |   |   |   |--- Fare >  15.65
|   |   |   |   |   |   |   |   |   |   |   |--- class: 1
|   |   |   |   |   |   |   |   |   |--- Fare >  15.80
|   |   |   |   |   |   |   |   |   |   |--- class: 0
|   |   |   |   |   |   |   |   |--- Fare >  18.39
|   |   |   |   |   |   |   |   |   |--- class: 1
|   |   |   |   |   |   |   |--- Fare >  19.38
|   |   |   |   |   |   |   |   |--- class: 0
|   |   |   |   |   |   |--- Fare >  22.89
|   |   |   |   |   |   |   |--- class: 1
|   |   |   |   |   |--- Fare >  23.35
|   |   |   |   |   |   |--- Fare <= 25.96
|   |   |   |   |   |   |   |--- class: 0
|   |   |   |   |   |   |--- Fare >  25.96
|   |   |   |   |   |   |   |--- AgeGroup_Adult <= 0.50
|   |   |   |   |   |   |   |   |--- class: 0
|   |   |   |   |   |   |   |--- AgeGroup_Adult >  0.50
|   |   |   |   |   |   |   |   |--- Fare <= 26.12
|   |   |   |   |   |   |   |   |   |--- Pclass <= 1.50
|   |   |   |   |   |   |   |   |   |   |--- class: 0
|   |   |   |   |   |   |   |   |   |--- Pclass >  1.50
|   |   |   |   |   |   |   |   |   |   |--- class: 0
|   |   |   |   |   |   |   |   |--- Fare >  26.12
|   |   |   |   |   |   |   |   |   |--- class: 0
|   |   |--- AgeGroup_Child >  0.50
|   |   |   |--- Fare <= 7.87
|   |   |   |   |--- class: 0
|   |   |   |--- Fare >  7.87
|   |   |   |   |--- Fare <= 18.77
|   |   |   |   |   |--- class: 1
|   |   |   |   |--- Fare >  18.77
|   |   |   |   |   |--- Fare <= 19.66
|   |   |   |   |   |   |--- class: 0
|   |   |   |   |   |--- Fare >  19.66
|   |   |   |   |   |   |--- Fare <= 20.83
|   |   |   |   |   |   |   |--- class: 1
|   |   |   |   |   |   |--- Fare >  20.83
|   |   |   |   |   |   |   |--- Fare <= 23.54
|   |   |   |   |   |   |   |   |--- class: 0
|   |   |   |   |   |   |   |--- Fare >  23.54
|   |   |   |   |   |   |   |   |--- class: 1
|   |--- Fare >  26.27
|   |   |--- Fare <= 26.47
|   |   |   |--- class: 1
|   |   |--- Fare >  26.47
|   |   |   |--- Pclass <= 1.50
|   |   |   |   |--- AgeGroup_Child <= 0.50
|   |   |   |   |   |--- Fare <= 387.66
|   |   |   |   |   |   |--- Fare <= 134.64
|   |   |   |   |   |   |   |--- Fare <= 116.64
|   |   |   |   |   |   |   |   |--- AgeGroup_SeniorAdult <= 0.50
|   |   |   |   |   |   |   |   |   |--- Fare <= 27.14
|   |   |   |   |   |   |   |   |   |   |--- class: 1
|   |   |   |   |   |   |   |   |   |--- Fare >  27.14
|   |   |   |   |   |   |   |   |   |   |--- Fare <= 28.73
|   |   |   |   |   |   |   |   |   |   |   |--- class: 0
|   |   |   |   |   |   |   |   |   |   |--- Fare >  28.73
|   |   |   |   |   |   |   |   |   |   |   |--- truncated branch of depth 8
|   |   |   |   |   |   |   |   |--- AgeGroup_SeniorAdult >  0.50
|   |   |   |   |   |   |   |   |   |--- Fare <= 97.76
|   |   |   |   |   |   |   |   |   |   |--- Fare <= 86.29
|   |   |   |   |   |   |   |   |   |   |   |--- truncated branch of depth 10
|   |   |   |   |   |   |   |   |   |   |--- Fare >  86.29
|   |   |   |   |   |   |   |   |   |   |   |--- class: 1
|   |   |   |   |   |   |   |   |   |--- Fare >  97.76
|   |   |   |   |   |   |   |   |   |   |--- class: 0
|   |   |   |   |   |   |   |--- Fare >  116.64
|   |   |   |   |   |   |   |   |--- class: 1
|   |   |   |   |   |   |--- Fare >  134.64
|   |   |   |   |   |   |   |--- class: 0
|   |   |   |   |   |--- Fare >  387.66
|   |   |   |   |   |   |--- class: 1
|   |   |   |   |--- AgeGroup_Child >  0.50
|   |   |   |   |   |--- class: 1
|   |   |   |--- Pclass >  1.50
|   |   |   |   |--- Fare <= 63.02
|   |   |   |   |   |--- Fare <= 51.70
|   |   |   |   |   |   |--- Pclass <= 2.50
|   |   |   |   |   |   |   |--- AgeGroup_Child <= 0.50
|   |   |   |   |   |   |   |   |--- class: 0
|   |   |   |   |   |   |   |--- AgeGroup_Child >  0.50
|   |   |   |   |   |   |   |   |--- class: 1
|   |   |   |   |   |   |--- Pclass >  2.50
|   |   |   |   |   |   |   |--- Fare <= 32.88
|   |   |   |   |   |   |   |   |--- Fare <= 31.33
|   |   |   |   |   |   |   |   |   |--- class: 0
|   |   |   |   |   |   |   |   |--- Fare >  31.33
|   |   |   |   |   |   |   |   |   |--- class: 0
|   |   |   |   |   |   |   |--- Fare >  32.88
|   |   |   |   |   |   |   |   |--- class: 0
|   |   |   |   |   |--- Fare >  51.70
|   |   |   |   |   |   |--- class: 1
|   |   |   |   |--- Fare >  63.02
|   |   |   |   |   |--- class: 0
|--- Sex_female >  0.50
|   |--- Pclass <= 2.50
|   |   |--- Fare <= 28.86
|   |   |   |--- Fare <= 28.23
|   |   |   |   |--- Fare <= 26.12
|   |   |   |   |   |--- AgeGroup_Child <= 0.50
|   |   |   |   |   |   |--- Fare <= 25.96
|   |   |   |   |   |   |   |--- Fare <= 22.00
|   |   |   |   |   |   |   |   |--- Fare <= 20.25
|   |   |   |   |   |   |   |   |   |--- Fare <= 13.25
|   |   |   |   |   |   |   |   |   |   |--- AgeGroup_Adult <= 0.50
|   |   |   |   |   |   |   |   |   |   |   |--- class: 1
|   |   |   |   |   |   |   |   |   |   |--- AgeGroup_Adult >  0.50
|   |   |   |   |   |   |   |   |   |   |   |--- truncated branch of depth 2
|   |   |   |   |   |   |   |   |   |--- Fare >  13.25
|   |   |   |   |   |   |   |   |   |   |--- class: 1
|   |   |   |   |   |   |   |   |--- Fare >  20.25
|   |   |   |   |   |   |   |   |   |--- class: 1
|   |   |   |   |   |   |   |--- Fare >  22.00
|   |   |   |   |   |   |   |   |--- class: 1
|   |   |   |   |   |   |--- Fare >  25.96
|   |   |   |   |   |   |   |--- AgeGroup_Adult <= 0.50
|   |   |   |   |   |   |   |   |--- class: 1
|   |   |   |   |   |   |   |--- AgeGroup_Adult >  0.50
|   |   |   |   |   |   |   |   |--- class: 1
|   |   |   |   |   |--- AgeGroup_Child >  0.50
|   |   |   |   |   |   |--- class: 1
|   |   |   |   |--- Fare >  26.12
|   |   |   |   |   |--- class: 1
|   |   |   |--- Fare >  28.23
|   |   |   |   |--- class: 0
|   |   |--- Fare >  28.86
|   |   |   |--- Fare <= 149.04
|   |   |   |   |--- class: 1
|   |   |   |--- Fare >  149.04
|   |   |   |   |--- Fare <= 152.51
|   |   |   |   |   |--- AgeGroup_Adult <= 0.50
|   |   |   |   |   |   |--- class: 0
|   |   |   |   |   |--- AgeGroup_Adult >  0.50
|   |   |   |   |   |   |--- class: 0
|   |   |   |   |--- Fare >  152.51
|   |   |   |   |   |--- class: 1
|   |--- Pclass >  2.50
|   |   |--- Fare <= 23.35
|   |   |   |--- Fare <= 7.89
|   |   |   |   |--- Fare <= 6.99
|   |   |   |   |   |--- class: 0
|   |   |   |   |--- Fare >  6.99
|   |   |   |   |   |--- AgeGroup_SeniorAdult <= 0.50
|   |   |   |   |   |   |--- Fare <= 7.52
|   |   |   |   |   |   |   |--- class: 1
|   |   |   |   |   |   |--- Fare >  7.52
|   |   |   |   |   |   |   |--- AgeGroup_Adult <= 0.50
|   |   |   |   |   |   |   |   |--- class: 0
|   |   |   |   |   |   |   |--- AgeGroup_Adult >  0.50
|   |   |   |   |   |   |   |   |--- Fare <= 7.64
|   |   |   |   |   |   |   |   |   |--- Fare <= 7.59
|   |   |   |   |   |   |   |   |   |   |--- class: 0
|   |   |   |   |   |   |   |   |   |--- Fare >  7.59
|   |   |   |   |   |   |   |   |   |   |--- class: 0
|   |   |   |   |   |   |   |   |--- Fare >  7.64
|   |   |   |   |   |   |   |   |   |--- Fare <= 7.74
|   |   |   |   |   |   |   |   |   |   |--- class: 1
|   |   |   |   |   |   |   |   |   |--- Fare >  7.74
|   |   |   |   |   |   |   |   |   |   |--- Fare <= 7.78
|   |   |   |   |   |   |   |   |   |   |   |--- truncated branch of depth 2
|   |   |   |   |   |   |   |   |   |   |--- Fare >  7.78
|   |   |   |   |   |   |   |   |   |   |   |--- truncated branch of depth 3
|   |   |   |   |   |--- AgeGroup_SeniorAdult >  0.50
|   |   |   |   |   |   |--- class: 0
|   |   |   |--- Fare >  7.89
|   |   |   |   |--- Fare <= 15.37
|   |   |   |   |   |--- AgeGroup_Child <= 0.50
|   |   |   |   |   |   |--- Fare <= 13.44
|   |   |   |   |   |   |   |--- Fare <= 10.82
|   |   |   |   |   |   |   |   |--- AgeGroup_SeniorAdult <= 0.50
|   |   |   |   |   |   |   |   |   |--- Fare <= 7.99
|   |   |   |   |   |   |   |   |   |   |--- Fare <= 7.91
|   |   |   |   |   |   |   |   |   |   |   |--- class: 0
|   |   |   |   |   |   |   |   |   |   |--- Fare >  7.91
|   |   |   |   |   |   |   |   |   |   |   |--- class: 1
|   |   |   |   |   |   |   |   |   |--- Fare >  7.99
|   |   |   |   |   |   |   |   |   |   |--- Fare <= 8.67
|   |   |   |   |   |   |   |   |   |   |   |--- class: 0
|   |   |   |   |   |   |   |   |   |   |--- Fare >  8.67
|   |   |   |   |   |   |   |   |   |   |   |--- truncated branch of depth 4
|   |   |   |   |   |   |   |   |--- AgeGroup_SeniorAdult >  0.50
|   |   |   |   |   |   |   |   |   |--- class: 1
|   |   |   |   |   |   |   |--- Fare >  10.82
|   |   |   |   |   |   |   |   |--- class: 1
|   |   |   |   |   |   |--- Fare >  13.44
|   |   |   |   |   |   |   |--- Fare <= 14.87
|   |   |   |   |   |   |   |   |--- class: 0
|   |   |   |   |   |   |   |--- Fare >  14.87
|   |   |   |   |   |   |   |   |--- class: 0
|   |   |   |   |   |--- AgeGroup_Child >  0.50
|   |   |   |   |   |   |--- Fare <= 13.94
|   |   |   |   |   |   |   |--- Fare <= 10.80
|   |   |   |   |   |   |   |   |--- Fare <= 9.25
|   |   |   |   |   |   |   |   |   |--- class: 1
|   |   |   |   |   |   |   |   |--- Fare >  9.25
|   |   |   |   |   |   |   |   |   |--- class: 0
|   |   |   |   |   |   |   |--- Fare >  10.80
|   |   |   |   |   |   |   |   |--- class: 1
|   |   |   |   |   |   |--- Fare >  13.94
|   |   |   |   |   |   |   |--- Fare <= 14.85
|   |   |   |   |   |   |   |   |--- class: 0
|   |   |   |   |   |   |   |--- Fare >  14.85
|   |   |   |   |   |   |   |   |--- class: 0
|   |   |   |   |--- Fare >  15.37
|   |   |   |   |   |--- Fare <= 17.60
|   |   |   |   |   |   |--- Fare <= 16.40
|   |   |   |   |   |   |   |--- Fare <= 15.98
|   |   |   |   |   |   |   |   |--- Fare <= 15.62
|   |   |   |   |   |   |   |   |   |--- class: 1
|   |   |   |   |   |   |   |   |--- Fare >  15.62
|   |   |   |   |   |   |   |   |   |--- class: 1
|   |   |   |   |   |   |   |--- Fare >  15.98
|   |   |   |   |   |   |   |   |--- class: 1
|   |   |   |   |   |   |--- Fare >  16.40
|   |   |   |   |   |   |   |--- class: 1
|   |   |   |   |   |--- Fare >  17.60
|   |   |   |   |   |   |--- Fare <= 18.63
|   |   |   |   |   |   |   |--- class: 0
|   |   |   |   |   |   |--- Fare >  18.63
|   |   |   |   |   |   |   |--- Fare <= 19.74
|   |   |   |   |   |   |   |   |--- class: 1
|   |   |   |   |   |   |   |--- Fare >  19.74
|   |   |   |   |   |   |   |   |--- Fare <= 21.55
|   |   |   |   |   |   |   |   |   |--- Fare <= 20.80
|   |   |   |   |   |   |   |   |   |   |--- Fare <= 20.23
|   |   |   |   |   |   |   |   |   |   |   |--- class: 0
|   |   |   |   |   |   |   |   |   |   |--- Fare >  20.23
|   |   |   |   |   |   |   |   |   |   |   |--- class: 1
|   |   |   |   |   |   |   |   |   |--- Fare >  20.80
|   |   |   |   |   |   |   |   |   |   |--- class: 0
|   |   |   |   |   |   |   |   |--- Fare >  21.55
|   |   |   |   |   |   |   |   |   |--- class: 1
|   |   |--- Fare >  23.35
|   |   |   |--- Fare <= 32.88
|   |   |   |   |--- Fare <= 31.33
|   |   |   |   |   |--- Fare <= 24.81
|   |   |   |   |   |   |--- Fare <= 23.80
|   |   |   |   |   |   |   |--- class: 0
|   |   |   |   |   |   |--- Fare >  23.80
|   |   |   |   |   |   |   |--- AgeGroup_Child <= 0.50
|   |   |   |   |   |   |   |   |--- class: 0
|   |   |   |   |   |   |   |--- AgeGroup_Child >  0.50
|   |   |   |   |   |   |   |   |--- class: 0
|   |   |   |   |   |--- Fare >  24.81
|   |   |   |   |   |   |--- class: 0
|   |   |   |   |--- Fare >  31.33
|   |   |   |   |   |--- class: 1
|   |   |   |--- Fare >  32.88
|   |   |   |   |--- class: 0
